<?xml version="1.0" encoding="UTF-8"?>
<testsuite xmlns:xsi="http://www.w3.org/2001/XMLSchema-instance" xsi:noNamespaceSchemaLocation="https://maven.apache.org/surefire/maven-surefire-plugin/xsd/surefire-test-report.xsd" name="TestSuite" time="77.286" tests="2" errors="0" skipped="0" failures="0">
  <properties>
[...]
</properties>
  <testcase name="fillInEstimationForm" classname="Hardcore.test.GoogleCloudTest" time="44.385"/>
  <testcase name="checkTotalCost" classname="Hardcore.test.GoogleCloudTest" time="25.12"/>
</testsuite>