<?xml version="1.0" encoding="UTF-8"?>
<testng-results ignored="0" total="2" passed="2" failed="0" skipped="0">
  <reporter-output>
  </reporter-output>
  <suite started-at="2021-11-02T17:00:19 MSK" name="Smoke" finished-at="2021-11-02T17:01:35 MSK" duration-ms="76137">
    <groups>
    </groups>
    <test started-at="2021-11-02T17:00:19 MSK" name="GoogleCloudTest" finished-at="2021-11-02T17:01:35 MSK" duration-ms="76137">
      <class name="Hardcore.test.GoogleCloudTest">
        <test-method is-config="true" signature="browserSetup()[pri:0, instance:Hardcore.test.GoogleCloudTest@15761df8]" started-at="2021-11-02T17:00:19 MSK" name="browserSetup" finished-at="2021-11-02T17:00:24 MSK" duration-ms="5269" status="PASS">
          <reporter-output>
          </reporter-output>
        </test-method> <!-- browserSetup -->
        <test-method signature="fillInEstimationForm()[pri:0, instance:Hardcore.test.GoogleCloudTest@15761df8]" started-at="2021-11-02T17:00:24 MSK" name="fillInEstimationForm" description="Fill in estimation form" finished-at="2021-11-02T17:01:09 MSK" duration-ms="44378" status="PASS">
          <reporter-output>
          </reporter-output>
        </test-method> <!-- fillInEstimationForm -->
        <test-method signature="checkTotalCost()[pri:0, instance:Hardcore.test.GoogleCloudTest@15761df8]" started-at="2021-11-02T17:01:09 MSK" name="checkTotalCost" description="Check Email total cost against calculated total cost" finished-at="2021-11-02T17:01:34 MSK" depends-on-methods="Hardcore.test.GoogleCloudTest.fillInEstimationForm" duration-ms="25123" status="PASS">
          <reporter-output>
          </reporter-output>
        </test-method> <!-- checkTotalCost -->
        <test-method is-config="true" signature="browserExit()[pri:0, instance:Hardcore.test.GoogleCloudTest@15761df8]" started-at="2021-11-02T17:01:34 MSK" name="browserExit" finished-at="2021-11-02T17:01:35 MSK" duration-ms="1294" status="PASS">
          <reporter-output>
          </reporter-output>
        </test-method> <!-- browserExit -->
      </class> <!-- Hardcore.test.GoogleCloudTest -->
    </test> <!-- GoogleCloudTest -->
  </suite> <!-- Smoke -->
</testng-results>
